<?xml version="1.0" encoding="UTF-8"?>
<testng-results ignored="0" total="2" passed="2" failed="0" skipped="0">
  <reporter-output>
  </reporter-output>
  <suite started-at="2022-01-07T07:27:38Z" name="Suite1" finished-at="2022-01-07T07:28:03Z" duration-ms="24832">
    <groups>
    </groups>
    <test started-at="2022-01-07T07:27:38Z" name="smoke" finished-at="2022-01-07T07:28:03Z" duration-ms="24832">
      <class name="testCases.LoginTestCases">
        <test-method is-config="true" signature="open()[pri:0, instance:testCases.LoginTestCases@5562c41e]" started-at="2022-01-07T07:27:38Z" name="open" finished-at="2022-01-07T07:27:48Z" duration-ms="9339" status="PASS">
          <reporter-output>
          </reporter-output>
        </test-method> <!-- open -->
        <test-method signature="LoginValid()[pri:0, instance:testCases.LoginTestCases@5562c41e]" started-at="2022-01-07T07:27:48Z" name="LoginValid" finished-at="2022-01-07T07:27:54Z" duration-ms="6612" status="PASS">
          <reporter-output>
          </reporter-output>
        </test-method> <!-- LoginValid -->
        <test-method signature="LoginInValid()[pri:1, instance:testCases.LoginTestCases@5562c41e]" started-at="2022-01-07T07:27:54Z" name="LoginInValid" finished-at="2022-01-07T07:27:58Z" duration-ms="3489" status="PASS">
          <reporter-output>
          </reporter-output>
        </test-method> <!-- LoginInValid -->
        <test-method is-config="true" signature="close()[pri:0, instance:testCases.LoginTestCases@5562c41e]" started-at="2022-01-07T07:27:58Z" name="close" finished-at="2022-01-07T07:28:03Z" duration-ms="5358" status="PASS">
          <reporter-output>
          </reporter-output>
        </test-method> <!-- close -->
      </class> <!-- testCases.LoginTestCases -->
    </test> <!-- smoke -->
  </suite> <!-- Suite1 -->
</testng-results>
