<?xml version="1.0" encoding="UTF-8"?>
<!-- Generated by org.testng.reporters.JUnitXMLReporter -->
<testsuite ignored="0" hostname="DESKTOP-GRE8QJG" failures="0" tests="3" name="Sanity" time="29.137" errors="0" timestamp="11 Jan 2022 09:27:38 GMT">
  <testcase classname="testCases.LoginTestCases" name="LoginValid" time="6.951"/>
  <testcase classname="testCases.LoginTestCases" name="LoginInValid" time="4.461"/>
  <testcase classname="testCases.LoginTestCases" name="LoginInValid" time="3.75"/>
</testsuite> <!-- Sanity -->
