<?xml version="1.0" encoding="UTF-8"?>
<testng-results ignored="0" total="4" passed="3" failed="1" skipped="0">
  <reporter-output>
  </reporter-output>
  <suite started-at="2022-01-11T09:27:09Z" name="Suite3" finished-at="2022-01-11T09:28:10Z" duration-ms="61373">
    <groups>
    </groups>
    <test started-at="2022-01-11T09:27:09Z" name="Sanity" finished-at="2022-01-11T09:27:38Z" duration-ms="29137">
      <class name="testCases.LoginTestCases">
        <test-method is-config="true" signature="open()[pri:0, instance:testCases.LoginTestCases@2d6c53fc]" started-at="2022-01-11T09:27:09Z" name="open" finished-at="2022-01-11T09:27:17Z" duration-ms="8223" status="PASS">
          <reporter-output>
          </reporter-output>
        </test-method> <!-- open -->
        <test-method signature="LoginValid(java.lang.String, java.lang.String)[pri:0, instance:testCases.LoginTestCases@2d6c53fc]" started-at="2022-01-11T09:27:17Z" name="LoginValid" finished-at="2022-01-11T09:27:24Z" duration-ms="6951" status="PASS">
          <params>
            <param index="0">
              <value>
                <![CDATA[admin]]>
              </value>
            </param>
            <param index="1">
              <value>
                <![CDATA[master]]>
              </value>
            </param>
          </params>
          <reporter-output>
          </reporter-output>
        </test-method> <!-- LoginValid -->
        <test-method signature="LoginInValid(java.lang.String, java.lang.String)[pri:1, instance:testCases.LoginTestCases@2d6c53fc]" started-at="2022-01-11T09:27:24Z" name="LoginInValid" data-provider="data" finished-at="2022-01-11T09:27:28Z" duration-ms="4461" status="PASS">
          <params>
            <param index="0">
              <value>
                <![CDATA[111111]]>
              </value>
            </param>
            <param index="1">
              <value>
                <![CDATA[111111]]>
              </value>
            </param>
          </params>
          <reporter-output>
          </reporter-output>
        </test-method> <!-- LoginInValid -->
        <test-method signature="LoginInValid(java.lang.String, java.lang.String)[pri:1, instance:testCases.LoginTestCases@2d6c53fc]" started-at="2022-01-11T09:27:28Z" name="LoginInValid" data-provider="data" finished-at="2022-01-11T09:27:32Z" duration-ms="3750" status="PASS">
          <params>
            <param index="0">
              <value>
                <![CDATA[222222]]>
              </value>
            </param>
            <param index="1">
              <value>
                <![CDATA[222222]]>
              </value>
            </param>
          </params>
          <reporter-output>
          </reporter-output>
        </test-method> <!-- LoginInValid -->
        <test-method is-config="true" signature="close()[pri:0, instance:testCases.LoginTestCases@2d6c53fc]" started-at="2022-01-11T09:27:32Z" name="close" finished-at="2022-01-11T09:27:38Z" duration-ms="5664" status="PASS">
          <reporter-output>
          </reporter-output>
        </test-method> <!-- close -->
      </class> <!-- testCases.LoginTestCases -->
    </test> <!-- Sanity -->
    <test started-at="2022-01-11T09:27:38Z" name="AddingStock" finished-at="2022-01-11T09:28:10Z" duration-ms="32090">
      <class name="testCases.StockH_TestCases">
        <test-method is-config="true" signature="open()[pri:0, instance:testCases.StockH_TestCases@7d9e8ef7]" started-at="2022-01-11T09:27:38Z" name="open" finished-at="2022-01-11T09:27:45Z" duration-ms="7298" status="PASS">
          <reporter-output>
          </reporter-output>
        </test-method> <!-- open -->
        <test-method signature="addStockHolder()[pri:0, instance:testCases.StockH_TestCases@7d9e8ef7]" started-at="2022-01-11T09:27:45Z" name="addStockHolder" finished-at="2022-01-11T09:28:05Z" duration-ms="19404" status="FAIL">
          <exception class="org.openqa.selenium.NoSuchElementException">
            <message>
              <![CDATA[Cannot locate element with text: india
For documentation on this error, please visit: https://www.seleniumhq.org/exceptions/no_such_element.html
Build info: version: '3.141.59', revision: 'e82be7d358', time: '2018-11-14T08:17:03'
System info: host: 'DESKTOP-GRE8QJG', ip: '192.168.0.102', os.name: 'Windows 10', os.arch: 'amd64', os.version: '10.0', java.version: '17.0.1'
Driver info: driver.version: unknown]]>
            </message>
            <full-stacktrace>
              <![CDATA[org.openqa.selenium.NoSuchElementException: Cannot locate element with text: india
For documentation on this error, please visit: https://www.seleniumhq.org/exceptions/no_such_element.html
Build info: version: '3.141.59', revision: 'e82be7d358', time: '2018-11-14T08:17:03'
System info: host: 'DESKTOP-GRE8QJG', ip: '192.168.0.102', os.name: 'Windows 10', os.arch: 'amd64', os.version: '10.0', java.version: '17.0.1'
Driver info: driver.version: unknown
at org.openqa.selenium.support.ui.Select.selectByVisibleText(Select.java:147)
at methods.StockItems.AddStockHolder(StockItems.java:27)
at testCases.StockH_TestCases.addStockHolder(StockH_TestCases.java:15)
at java.base/jdk.internal.reflect.NativeMethodAccessorImpl.invoke0(Native Method)
at java.base/jdk.internal.reflect.NativeMethodAccessorImpl.invoke(NativeMethodAccessorImpl.java:77)
at java.base/jdk.internal.reflect.DelegatingMethodAccessorImpl.invoke(DelegatingMethodAccessorImpl.java:43)
at java.base/java.lang.reflect.Method.invoke(Method.java:568)
at org.testng.internal.MethodInvocationHelper.invokeMethod(MethodInvocationHelper.java:124)
at org.testng.internal.Invoker.invokeMethod(Invoker.java:583)
at org.testng.internal.Invoker.invokeTestMethod(Invoker.java:719)
at org.testng.internal.Invoker.invokeTestMethods(Invoker.java:989)
at org.testng.internal.TestMethodWorker.invokeTestMethods(TestMethodWorker.java:125)
at org.testng.internal.TestMethodWorker.run(TestMethodWorker.java:109)
at org.testng.TestRunner.privateRun(TestRunner.java:648)
at org.testng.TestRunner.run(TestRunner.java:505)
at org.testng.SuiteRunner.runTest(SuiteRunner.java:455)
at org.testng.SuiteRunner.runSequentially(SuiteRunner.java:450)
at org.testng.SuiteRunner.privateRun(SuiteRunner.java:415)
at org.testng.SuiteRunner.run(SuiteRunner.java:364)
at org.testng.SuiteRunnerWorker.runSuite(SuiteRunnerWorker.java:52)
at org.testng.SuiteRunnerWorker.run(SuiteRunnerWorker.java:84)
at org.testng.TestNG.runSuitesSequentially(TestNG.java:1208)
at org.testng.TestNG.runSuitesLocally(TestNG.java:1137)
at org.testng.TestNG.runSuites(TestNG.java:1049)
at org.testng.TestNG.run(TestNG.java:1017)
at org.testng.remote.AbstractRemoteTestNG.run(AbstractRemoteTestNG.java:115)
at org.testng.remote.RemoteTestNG.initAndRun(RemoteTestNG.java:251)
at org.testng.remote.RemoteTestNG.main(RemoteTestNG.java:77)
]]>
            </full-stacktrace>
          </exception> <!-- org.openqa.selenium.NoSuchElementException -->
          <reporter-output>
          </reporter-output>
        </test-method> <!-- addStockHolder -->
        <test-method is-config="true" signature="close()[pri:0, instance:testCases.StockH_TestCases@7d9e8ef7]" started-at="2022-01-11T09:28:05Z" name="close" finished-at="2022-01-11T09:28:10Z" duration-ms="5381" status="PASS">
          <reporter-output>
          </reporter-output>
        </test-method> <!-- close -->
      </class> <!-- testCases.StockH_TestCases -->
    </test> <!-- AddingStock -->
  </suite> <!-- Suite3 -->
</testng-results>
